<?xml version="1.0" encoding="UTF-8"?>
<testsuite name="io.pivotal.extremerstartup.player.PlayerControllerTest" tests="5" skipped="0" failures="0" errors="0" timestamp="2019-04-15T11:43:37" hostname="Pivotal-iMac-3.local" time="0.067">
  <properties/>
  <testcase name="getting an invalid player id shows the no such player page" classname="io.pivotal.extremerstartup.player.PlayerControllerTest" time="0.02"/>
  <testcase name="getting a player withdrawl page removes the player data" classname="io.pivotal.extremerstartup.player.PlayerControllerTest" time="0.007"/>
  <testcase name="getting a valid player id shows the player data" classname="io.pivotal.extremerstartup.player.PlayerControllerTest" time="0.015"/>
  <testcase name="posting to players adds a player" classname="io.pivotal.extremerstartup.player.PlayerControllerTest" time="0.011"/>
  <testcase name="getting players shows the add player form" classname="io.pivotal.extremerstartup.player.PlayerControllerTest" time="0.008"/>
  <system-out><![CDATA[2019-04-15 13:43:36.430  INFO 4200 --- [    Test worker] .b.t.a.w.s.WebMvcTestContextBootstrapper : Neither @ContextConfiguration nor @ContextHierarchy found for test class [io.pivotal.extremerstartup.player.PlayerControllerTest], using SpringBootContextLoader
2019-04-15 13:43:36.431  INFO 4200 --- [    Test worker] o.s.t.c.support.AbstractContextLoader    : Could not detect default resource locations for test class [io.pivotal.extremerstartup.player.PlayerControllerTest]: no resource found for suffixes {-context.xml, Context.groovy}.
2019-04-15 13:43:36.431  INFO 4200 --- [    Test worker] t.c.s.AnnotationConfigContextLoaderUtils : Could not detect default configuration classes for test class [io.pivotal.extremerstartup.player.PlayerControllerTest]: PlayerControllerTest does not declare any static, non-private, non-final, nested classes annotated with @Configuration.
2019-04-15 13:43:36.444  INFO 4200 --- [    Test worker] .b.t.c.SpringBootTestContextBootstrapper : Found @SpringBootConfiguration io.pivotal.extremerstartup.ExtremerstartupApplication for test class io.pivotal.extremerstartup.player.PlayerControllerTest
2019-04-15 13:43:36.444  INFO 4200 --- [    Test worker] .b.t.a.w.s.WebMvcTestContextBootstrapper : Loaded default TestExecutionListener class names from location [META-INF/spring.factories]: [org.springframework.boot.test.autoconfigure.restdocs.RestDocsTestExecutionListener, org.springframework.boot.test.autoconfigure.web.client.MockRestServiceServerResetTestExecutionListener, org.springframework.boot.test.autoconfigure.web.servlet.MockMvcPrintOnlyOnFailureTestExecutionListener, org.springframework.boot.test.autoconfigure.web.servlet.WebDriverTestExecutionListener, org.springframework.boot.test.mock.mockito.MockitoTestExecutionListener, org.springframework.boot.test.mock.mockito.ResetMocksTestExecutionListener, org.springframework.test.context.web.ServletTestExecutionListener, org.springframework.test.context.support.DirtiesContextBeforeModesTestExecutionListener, org.springframework.test.context.support.DependencyInjectionTestExecutionListener, org.springframework.test.context.support.DirtiesContextTestExecutionListener, org.springframework.test.context.transaction.TransactionalTestExecutionListener, org.springframework.test.context.jdbc.SqlScriptsTestExecutionListener]
2019-04-15 13:43:36.446  INFO 4200 --- [    Test worker] .b.t.a.w.s.WebMvcTestContextBootstrapper : Using TestExecutionListeners: [org.springframework.test.context.web.ServletTestExecutionListener@47cd95b8, org.springframework.test.context.support.DirtiesContextBeforeModesTestExecutionListener@5ead0789, org.springframework.boot.test.mock.mockito.MockitoTestExecutionListener@1ba75119, org.springframework.boot.test.autoconfigure.SpringBootDependencyInjectionTestExecutionListener@6638a624, org.springframework.test.context.support.DirtiesContextTestExecutionListener@4df38f0e, org.springframework.boot.test.autoconfigure.restdocs.RestDocsTestExecutionListener@7b545876, org.springframework.boot.test.autoconfigure.web.client.MockRestServiceServerResetTestExecutionListener@5adae19c, org.springframework.boot.test.autoconfigure.web.servlet.MockMvcPrintOnlyOnFailureTestExecutionListener@79f07565, org.springframework.boot.test.autoconfigure.web.servlet.WebDriverTestExecutionListener@28aa1eaa, org.springframework.boot.test.mock.mockito.ResetMocksTestExecutionListener@71e46421]

  .   ____          _            __ _ _
 /\\ / ___'_ __ _ _(_)_ __  __ _ \ \ \ \
( ( )\___ | '_ | '_| | '_ \/ _` | \ \ \ \
 \\/  ___)| |_)| | | | | || (_| |  ) ) ) )
  '  |____| .__|_| |_|_| |_\__, | / / / /
 =========|_|==============|___/=/_/_/_/
 :: Spring Boot ::        (v2.1.4.RELEASE)

2019-04-15 13:43:36.465  INFO 4200 --- [    Test worker] i.p.e.player.PlayerControllerTest        : Starting PlayerControllerTest on Pivotal-iMac-3.local with PID 4200 (started by pivotal in /Users/pivotal/workspace/extremerStartup)
2019-04-15 13:43:36.466  INFO 4200 --- [    Test worker] i.p.e.player.PlayerControllerTest        : No active profile set, falling back to default profiles: default
2019-04-15 13:43:36.790  INFO 4200 --- [    Test worker] o.s.s.concurrent.ThreadPoolTaskExecutor  : Initializing ExecutorService 'applicationTaskExecutor'
2019-04-15 13:43:36.995  INFO 4200 --- [    Test worker] o.s.b.t.m.w.SpringBootMockServletContext : Initializing Spring TestDispatcherServlet ''
2019-04-15 13:43:36.996  INFO 4200 --- [    Test worker] o.s.t.web.servlet.TestDispatcherServlet  : Initializing Servlet ''
2019-04-15 13:43:37.003  INFO 4200 --- [    Test worker] o.s.t.web.servlet.TestDispatcherServlet  : Completed initialization in 7 ms
2019-04-15 13:43:37.031  INFO 4200 --- [    Test worker] i.p.e.player.PlayerControllerTest        : Started PlayerControllerTest in 0.58 seconds (JVM running for 60.268)
]]></system-out>
  <system-err><![CDATA[]]></system-err>
</testsuite>
