<?xml version="1.0" encoding="UTF-8"?>
<testsuite name="io.pivotal.extremerstartup.RunCucumberTest" tests="0" skipped="0" failures="0" errors="0" timestamp="1970-01-01T00:00:00" hostname="Pivotal-iMac-3.local" time="0.0">
  <properties/>
  <system-out><![CDATA[2019-04-15 13:42:40.560  INFO 4200 --- [    Test worker] i.g.bonigarcia.wdm.WebDriverManager      : Using chromedriver 73.0.3683.68 (since Google Chrome 73 is installed in your machine)
2019-04-15 13:42:40.574  INFO 4200 --- [    Test worker] i.g.bonigarcia.wdm.WebDriverManager      : Exporting webdriver.chrome.driver as /Users/pivotal/.m2/repository/webdriver/chromedriver/mac64/73.0.3683.68/chromedriver
2019-04-15 13:42:40.576  INFO 4200 --- [    Test worker] .b.t.c.SpringBootTestContextBootstrapper : Neither @ContextConfiguration nor @ContextHierarchy found for test class [io.pivotal.extremerstartup.cucumbersteps.ServerSetupSteps], using SpringBootContextLoader
2019-04-15 13:42:40.576  INFO 4200 --- [    Test worker] o.s.t.c.support.AbstractContextLoader    : Could not detect default resource locations for test class [io.pivotal.extremerstartup.cucumbersteps.ServerSetupSteps]: no resource found for suffixes {-context.xml, Context.groovy}.
2019-04-15 13:42:40.576  INFO 4200 --- [    Test worker] t.c.s.AnnotationConfigContextLoaderUtils : Could not detect default configuration classes for test class [io.pivotal.extremerstartup.cucumbersteps.ServerSetupSteps]: ServerSetupSteps does not declare any static, non-private, non-final, nested classes annotated with @Configuration.
2019-04-15 13:42:40.590  INFO 4200 --- [    Test worker] .b.t.c.SpringBootTestContextBootstrapper : Found @SpringBootConfiguration io.pivotal.extremerstartup.ExtremerstartupApplication for test class io.pivotal.extremerstartup.cucumbersteps.ServerSetupSteps
2019-04-15 13:42:40.591  INFO 4200 --- [    Test worker] .b.t.c.SpringBootTestContextBootstrapper : Loaded default TestExecutionListener class names from location [META-INF/spring.factories]: [org.springframework.boot.test.autoconfigure.restdocs.RestDocsTestExecutionListener, org.springframework.boot.test.autoconfigure.web.client.MockRestServiceServerResetTestExecutionListener, org.springframework.boot.test.autoconfigure.web.servlet.MockMvcPrintOnlyOnFailureTestExecutionListener, org.springframework.boot.test.autoconfigure.web.servlet.WebDriverTestExecutionListener, org.springframework.boot.test.mock.mockito.MockitoTestExecutionListener, org.springframework.boot.test.mock.mockito.ResetMocksTestExecutionListener, org.springframework.test.context.web.ServletTestExecutionListener, org.springframework.test.context.support.DirtiesContextBeforeModesTestExecutionListener, org.springframework.test.context.support.DependencyInjectionTestExecutionListener, org.springframework.test.context.support.DirtiesContextTestExecutionListener, org.springframework.test.context.transaction.TransactionalTestExecutionListener, org.springframework.test.context.jdbc.SqlScriptsTestExecutionListener]
2019-04-15 13:42:40.592  INFO 4200 --- [    Test worker] .b.t.c.SpringBootTestContextBootstrapper : Using TestExecutionListeners: [org.springframework.test.context.web.ServletTestExecutionListener@78f150bd, org.springframework.test.context.support.DirtiesContextBeforeModesTestExecutionListener@38817571, org.springframework.boot.test.mock.mockito.MockitoTestExecutionListener@6c583c7, org.springframework.boot.test.autoconfigure.SpringBootDependencyInjectionTestExecutionListener@2b1c8ed7, org.springframework.test.context.support.DirtiesContextTestExecutionListener@599a47b1, org.springframework.boot.test.autoconfigure.restdocs.RestDocsTestExecutionListener@6a038b0e, org.springframework.boot.test.autoconfigure.web.client.MockRestServiceServerResetTestExecutionListener@40f2e632, org.springframework.boot.test.autoconfigure.web.servlet.MockMvcPrintOnlyOnFailureTestExecutionListener@f57b2cd, org.springframework.boot.test.autoconfigure.web.servlet.WebDriverTestExecutionListener@4fbcb59, org.springframework.boot.test.mock.mockito.ResetMocksTestExecutionListener@72d67b33]

  .   ____          _            __ _ _
 /\\ / ___'_ __ _ _(_)_ __  __ _ \ \ \ \
( ( )\___ | '_ | '_| | '_ \/ _` | \ \ \ \
 \\/  ___)| |_)| | | | | || (_| |  ) ) ) )
  '  |____| .__|_| |_|_| |_\__, | / / / /
 =========|_|==============|___/=/_/_/_/
 :: Spring Boot ::        (v2.1.4.RELEASE)

2019-04-15 13:42:40.612  INFO 4200 --- [    Test worker] i.p.e.cucumbersteps.ServerSetupSteps     : Starting ServerSetupSteps on Pivotal-iMac-3.local with PID 4200 (started by pivotal in /Users/pivotal/workspace/extremerStartup)
2019-04-15 13:42:40.613  INFO 4200 --- [    Test worker] i.p.e.cucumbersteps.ServerSetupSteps     : No active profile set, falling back to default profiles: default
2019-04-15 13:42:40.972  INFO 4200 --- [    Test worker] o.s.b.w.embedded.tomcat.TomcatWebServer  : Tomcat initialized with port(s): 3000 (http)
2019-04-15 13:42:40.999  INFO 4200 --- [    Test worker] o.apache.catalina.core.StandardService   : Starting service [Tomcat]
2019-04-15 13:42:41.000  INFO 4200 --- [    Test worker] org.apache.catalina.core.StandardEngine  : Starting Servlet engine: [Apache Tomcat/9.0.17]
2019-04-15 13:42:41.100  INFO 4200 --- [    Test worker] o.a.c.c.C.[Tomcat].[localhost].[/]       : Initializing Spring embedded WebApplicationContext
2019-04-15 13:42:41.101  INFO 4200 --- [    Test worker] o.s.web.context.ContextLoader            : Root WebApplicationContext: initialization completed in 487 ms
2019-04-15 13:42:41.378  INFO 4200 --- [    Test worker] o.s.s.concurrent.ThreadPoolTaskExecutor  : Initializing ExecutorService 'applicationTaskExecutor'
2019-04-15 13:42:41.513  INFO 4200 --- [    Test worker] o.s.s.c.ThreadPoolTaskScheduler          : Initializing ExecutorService 'taskScheduler'
2019-04-15 13:42:41.547  INFO 4200 --- [    Test worker] o.s.b.w.embedded.tomcat.TomcatWebServer  : Tomcat started on port(s): 3000 (http) with context path ''
2019-04-15 13:42:41.548  INFO 4200 --- [    Test worker] i.p.e.cucumbersteps.ServerSetupSteps     : Started ServerSetupSteps in 0.955 seconds (JVM running for 4.785)
Feature: A team can register to the game
  In order to show everyone that we are the best
  As a team
  I want to be able to register my team

  Scenario: Add team                                      ?[90m# io/pivotal/extremerstartup/add_team.feature:6?[0m
2019-04-15 13:42:43.906  INFO 4200 --- [    Test worker] .b.t.c.SpringBootTestContextBootstrapper : Neither @ContextConfiguration nor @ContextHierarchy found for test class [io.pivotal.extremerstartup.cucumbersteps.ServerSetupSteps], using SpringBootContextLoader
2019-04-15 13:42:43.906  INFO 4200 --- [    Test worker] o.s.t.c.support.AbstractContextLoader    : Could not detect default resource locations for test class [io.pivotal.extremerstartup.cucumbersteps.ServerSetupSteps]: no resource found for suffixes {-context.xml, Context.groovy}.
2019-04-15 13:42:43.906  INFO 4200 --- [    Test worker] t.c.s.AnnotationConfigContextLoaderUtils : Could not detect default configuration classes for test class [io.pivotal.extremerstartup.cucumbersteps.ServerSetupSteps]: ServerSetupSteps does not declare any static, non-private, non-final, nested classes annotated with @Configuration.
2019-04-15 13:42:43.908  INFO 4200 --- [    Test worker] .b.t.c.SpringBootTestContextBootstrapper : Found @SpringBootConfiguration io.pivotal.extremerstartup.ExtremerstartupApplication for test class io.pivotal.extremerstartup.cucumbersteps.ServerSetupSteps
2019-04-15 13:42:43.909  INFO 4200 --- [    Test worker] .b.t.c.SpringBootTestContextBootstrapper : Loaded default TestExecutionListener class names from location [META-INF/spring.factories]: [org.springframework.boot.test.autoconfigure.restdocs.RestDocsTestExecutionListener, org.springframework.boot.test.autoconfigure.web.client.MockRestServiceServerResetTestExecutionListener, org.springframework.boot.test.autoconfigure.web.servlet.MockMvcPrintOnlyOnFailureTestExecutionListener, org.springframework.boot.test.autoconfigure.web.servlet.WebDriverTestExecutionListener, org.springframework.boot.test.mock.mockito.MockitoTestExecutionListener, org.springframework.boot.test.mock.mockito.ResetMocksTestExecutionListener, org.springframework.test.context.web.ServletTestExecutionListener, org.springframework.test.context.support.DirtiesContextBeforeModesTestExecutionListener, org.springframework.test.context.support.DependencyInjectionTestExecutionListener, org.springframework.test.context.support.DirtiesContextTestExecutionListener, org.springframework.test.context.transaction.TransactionalTestExecutionListener, org.springframework.test.context.jdbc.SqlScriptsTestExecutionListener]
2019-04-15 13:42:43.910  INFO 4200 --- [    Test worker] .b.t.c.SpringBootTestContextBootstrapper : Using TestExecutionListeners: [org.springframework.test.context.web.ServletTestExecutionListener@2dacd4a7, org.springframework.test.context.support.DirtiesContextBeforeModesTestExecutionListener@6ed5e4c9, org.springframework.boot.test.mock.mockito.MockitoTestExecutionListener@15d8651f, org.springframework.boot.test.autoconfigure.SpringBootDependencyInjectionTestExecutionListener@39cd1621, org.springframework.test.context.support.DirtiesContextTestExecutionListener@728fe453, org.springframework.boot.test.autoconfigure.restdocs.RestDocsTestExecutionListener@33bda567, org.springframework.boot.test.autoconfigure.web.client.MockRestServiceServerResetTestExecutionListener@659bce92, org.springframework.boot.test.autoconfigure.web.servlet.MockMvcPrintOnlyOnFailureTestExecutionListener@3436b01e, org.springframework.boot.test.autoconfigure.web.servlet.WebDriverTestExecutionListener@391667b7, org.springframework.boot.test.mock.mockito.ResetMocksTestExecutionListener@675e7b6f]

  Scenario: When added team receives a link to its log     ?[90m# io/pivotal/extremerstartup/add_team.feature:12?[0m
2019-04-15 13:42:44.238  INFO 4200 --- [    Test worker] .b.t.c.SpringBootTestContextBootstrapper : Neither @ContextConfiguration nor @ContextHierarchy found for test class [io.pivotal.extremerstartup.cucumbersteps.ServerSetupSteps], using SpringBootContextLoader
2019-04-15 13:42:44.239  INFO 4200 --- [    Test worker] o.s.t.c.support.AbstractContextLoader    : Could not detect default resource locations for test class [io.pivotal.extremerstartup.cucumbersteps.ServerSetupSteps]: no resource found for suffixes {-context.xml, Context.groovy}.
2019-04-15 13:42:44.239  INFO 4200 --- [    Test worker] t.c.s.AnnotationConfigContextLoaderUtils : Could not detect default configuration classes for test class [io.pivotal.extremerstartup.cucumbersteps.ServerSetupSteps]: ServerSetupSteps does not declare any static, non-private, non-final, nested classes annotated with @Configuration.
2019-04-15 13:42:44.240  INFO 4200 --- [    Test worker] .b.t.c.SpringBootTestContextBootstrapper : Found @SpringBootConfiguration io.pivotal.extremerstartup.ExtremerstartupApplication for test class io.pivotal.extremerstartup.cucumbersteps.ServerSetupSteps
2019-04-15 13:42:44.241  INFO 4200 --- [    Test worker] .b.t.c.SpringBootTestContextBootstrapper : Loaded default TestExecutionListener class names from location [META-INF/spring.factories]: [org.springframework.boot.test.autoconfigure.restdocs.RestDocsTestExecutionListener, org.springframework.boot.test.autoconfigure.web.client.MockRestServiceServerResetTestExecutionListener, org.springframework.boot.test.autoconfigure.web.servlet.MockMvcPrintOnlyOnFailureTestExecutionListener, org.springframework.boot.test.autoconfigure.web.servlet.WebDriverTestExecutionListener, org.springframework.boot.test.mock.mockito.MockitoTestExecutionListener, org.springframework.boot.test.mock.mockito.ResetMocksTestExecutionListener, org.springframework.test.context.web.ServletTestExecutionListener, org.springframework.test.context.support.DirtiesContextBeforeModesTestExecutionListener, org.springframework.test.context.support.DependencyInjectionTestExecutionListener, org.springframework.test.context.support.DirtiesContextTestExecutionListener, org.springframework.test.context.transaction.TransactionalTestExecutionListener, org.springframework.test.context.jdbc.SqlScriptsTestExecutionListener]
2019-04-15 13:42:44.242  INFO 4200 --- [    Test worker] .b.t.c.SpringBootTestContextBootstrapper : Using TestExecutionListeners: [org.springframework.test.context.web.ServletTestExecutionListener@1b450545, org.springframework.test.context.support.DirtiesContextBeforeModesTestExecutionListener@56217ca9, org.springframework.boot.test.mock.mockito.MockitoTestExecutionListener@6efb9d68, org.springframework.boot.test.autoconfigure.SpringBootDependencyInjectionTestExecutionListener@364ca7ca, org.springframework.test.context.support.DirtiesContextTestExecutionListener@510e36b, org.springframework.boot.test.autoconfigure.restdocs.RestDocsTestExecutionListener@58891354, org.springframework.boot.test.autoconfigure.web.client.MockRestServiceServerResetTestExecutionListener@6aabd5f0, org.springframework.boot.test.autoconfigure.web.servlet.MockMvcPrintOnlyOnFailureTestExecutionListener@398a5d98, org.springframework.boot.test.autoconfigure.web.servlet.WebDriverTestExecutionListener@3b03ea79, org.springframework.boot.test.mock.mockito.ResetMocksTestExecutionListener@2b005dfe]

  Scenario: Start receiving questions                     ?[90m# io/pivotal/extremerstartup/add_team.feature:16?[0m
2019-04-15 13:42:49.883  INFO 4200 --- [    Test worker] .b.t.c.SpringBootTestContextBootstrapper : Neither @ContextConfiguration nor @ContextHierarchy found for test class [io.pivotal.extremerstartup.cucumbersteps.ServerSetupSteps], using SpringBootContextLoader
2019-04-15 13:42:49.884  INFO 4200 --- [    Test worker] o.s.t.c.support.AbstractContextLoader    : Could not detect default resource locations for test class [io.pivotal.extremerstartup.cucumbersteps.ServerSetupSteps]: no resource found for suffixes {-context.xml, Context.groovy}.
2019-04-15 13:42:49.884  INFO 4200 --- [    Test worker] t.c.s.AnnotationConfigContextLoaderUtils : Could not detect default configuration classes for test class [io.pivotal.extremerstartup.cucumbersteps.ServerSetupSteps]: ServerSetupSteps does not declare any static, non-private, non-final, nested classes annotated with @Configuration.
2019-04-15 13:42:49.885  INFO 4200 --- [    Test worker] .b.t.c.SpringBootTestContextBootstrapper : Found @SpringBootConfiguration io.pivotal.extremerstartup.ExtremerstartupApplication for test class io.pivotal.extremerstartup.cucumbersteps.ServerSetupSteps
2019-04-15 13:42:49.886  INFO 4200 --- [    Test worker] .b.t.c.SpringBootTestContextBootstrapper : Loaded default TestExecutionListener class names from location [META-INF/spring.factories]: [org.springframework.boot.test.autoconfigure.restdocs.RestDocsTestExecutionListener, org.springframework.boot.test.autoconfigure.web.client.MockRestServiceServerResetTestExecutionListener, org.springframework.boot.test.autoconfigure.web.servlet.MockMvcPrintOnlyOnFailureTestExecutionListener, org.springframework.boot.test.autoconfigure.web.servlet.WebDriverTestExecutionListener, org.springframework.boot.test.mock.mockito.MockitoTestExecutionListener, org.springframework.boot.test.mock.mockito.ResetMocksTestExecutionListener, org.springframework.test.context.web.ServletTestExecutionListener, org.springframework.test.context.support.DirtiesContextBeforeModesTestExecutionListener, org.springframework.test.context.support.DependencyInjectionTestExecutionListener, org.springframework.test.context.support.DirtiesContextTestExecutionListener, org.springframework.test.context.transaction.TransactionalTestExecutionListener, org.springframework.test.context.jdbc.SqlScriptsTestExecutionListener]
2019-04-15 13:42:49.887  INFO 4200 --- [    Test worker] .b.t.c.SpringBootTestContextBootstrapper : Using TestExecutionListeners: [org.springframework.test.context.web.ServletTestExecutionListener@765aa0db, org.springframework.test.context.support.DirtiesContextBeforeModesTestExecutionListener@492609b2, org.springframework.boot.test.mock.mockito.MockitoTestExecutionListener@4ade64bb, org.springframework.boot.test.autoconfigure.SpringBootDependencyInjectionTestExecutionListener@610043ad, org.springframework.test.context.support.DirtiesContextTestExecutionListener@42ff6b2e, org.springframework.boot.test.autoconfigure.restdocs.RestDocsTestExecutionListener@3bed815a, org.springframework.boot.test.autoconfigure.web.client.MockRestServiceServerResetTestExecutionListener@2afd120, org.springframework.boot.test.autoconfigure.web.servlet.MockMvcPrintOnlyOnFailureTestExecutionListener@61d1e7f3, org.springframework.boot.test.autoconfigure.web.servlet.WebDriverTestExecutionListener@584e56fc, org.springframework.boot.test.mock.mockito.ResetMocksTestExecutionListener@f7eebfe]

Feature: Basic Scoring

  Scenario: Player is correct                                       ?[90m# io/pivotal/extremerstartup/basic_scoring.feature:3?[0m
2019-04-15 13:42:55.186  INFO 4200 --- [    Test worker] .b.t.c.SpringBootTestContextBootstrapper : Neither @ContextConfiguration nor @ContextHierarchy found for test class [io.pivotal.extremerstartup.cucumbersteps.ServerSetupSteps], using SpringBootContextLoader
2019-04-15 13:42:55.187  INFO 4200 --- [    Test worker] o.s.t.c.support.AbstractContextLoader    : Could not detect default resource locations for test class [io.pivotal.extremerstartup.cucumbersteps.ServerSetupSteps]: no resource found for suffixes {-context.xml, Context.groovy}.
2019-04-15 13:42:55.187  INFO 4200 --- [    Test worker] t.c.s.AnnotationConfigContextLoaderUtils : Could not detect default configuration classes for test class [io.pivotal.extremerstartup.cucumbersteps.ServerSetupSteps]: ServerSetupSteps does not declare any static, non-private, non-final, nested classes annotated with @Configuration.
2019-04-15 13:42:55.188  INFO 4200 --- [    Test worker] .b.t.c.SpringBootTestContextBootstrapper : Found @SpringBootConfiguration io.pivotal.extremerstartup.ExtremerstartupApplication for test class io.pivotal.extremerstartup.cucumbersteps.ServerSetupSteps
2019-04-15 13:42:55.189  INFO 4200 --- [    Test worker] .b.t.c.SpringBootTestContextBootstrapper : Loaded default TestExecutionListener class names from location [META-INF/spring.factories]: [org.springframework.boot.test.autoconfigure.restdocs.RestDocsTestExecutionListener, org.springframework.boot.test.autoconfigure.web.client.MockRestServiceServerResetTestExecutionListener, org.springframework.boot.test.autoconfigure.web.servlet.MockMvcPrintOnlyOnFailureTestExecutionListener, org.springframework.boot.test.autoconfigure.web.servlet.WebDriverTestExecutionListener, org.springframework.boot.test.mock.mockito.MockitoTestExecutionListener, org.springframework.boot.test.mock.mockito.ResetMocksTestExecutionListener, org.springframework.test.context.web.ServletTestExecutionListener, org.springframework.test.context.support.DirtiesContextBeforeModesTestExecutionListener, org.springframework.test.context.support.DependencyInjectionTestExecutionListener, org.springframework.test.context.support.DirtiesContextTestExecutionListener, org.springframework.test.context.transaction.TransactionalTestExecutionListener, org.springframework.test.context.jdbc.SqlScriptsTestExecutionListener]
2019-04-15 13:42:55.190  INFO 4200 --- [    Test worker] .b.t.c.SpringBootTestContextBootstrapper : Using TestExecutionListeners: [org.springframework.test.context.web.ServletTestExecutionListener@750ecd5c, org.springframework.test.context.support.DirtiesContextBeforeModesTestExecutionListener@f49ba0f, org.springframework.boot.test.mock.mockito.MockitoTestExecutionListener@4871b09e, org.springframework.boot.test.autoconfigure.SpringBootDependencyInjectionTestExecutionListener@70877654, org.springframework.test.context.support.DirtiesContextTestExecutionListener@73e03135, org.springframework.boot.test.autoconfigure.restdocs.RestDocsTestExecutionListener@313b6484, org.springframework.boot.test.autoconfigure.web.client.MockRestServiceServerResetTestExecutionListener@740bd77d, org.springframework.boot.test.autoconfigure.web.servlet.MockMvcPrintOnlyOnFailureTestExecutionListener@3f752a7e, org.springframework.boot.test.autoconfigure.web.servlet.WebDriverTestExecutionListener@4d6ecd3c, org.springframework.boot.test.mock.mockito.ResetMocksTestExecutionListener@279b8f51]

  Scenario: Player is wrong                                          ?[90m# io/pivotal/extremerstartup/basic_scoring.feature:12?[0m
2019-04-15 13:43:00.458  INFO 4200 --- [    Test worker] .b.t.c.SpringBootTestContextBootstrapper : Neither @ContextConfiguration nor @ContextHierarchy found for test class [io.pivotal.extremerstartup.cucumbersteps.ServerSetupSteps], using SpringBootContextLoader
2019-04-15 13:43:00.459  INFO 4200 --- [    Test worker] o.s.t.c.support.AbstractContextLoader    : Could not detect default resource locations for test class [io.pivotal.extremerstartup.cucumbersteps.ServerSetupSteps]: no resource found for suffixes {-context.xml, Context.groovy}.
2019-04-15 13:43:00.459  INFO 4200 --- [    Test worker] t.c.s.AnnotationConfigContextLoaderUtils : Could not detect default configuration classes for test class [io.pivotal.extremerstartup.cucumbersteps.ServerSetupSteps]: ServerSetupSteps does not declare any static, non-private, non-final, nested classes annotated with @Configuration.
2019-04-15 13:43:00.461  INFO 4200 --- [    Test worker] .b.t.c.SpringBootTestContextBootstrapper : Found @SpringBootConfiguration io.pivotal.extremerstartup.ExtremerstartupApplication for test class io.pivotal.extremerstartup.cucumbersteps.ServerSetupSteps
2019-04-15 13:43:00.462  INFO 4200 --- [    Test worker] .b.t.c.SpringBootTestContextBootstrapper : Loaded default TestExecutionListener class names from location [META-INF/spring.factories]: [org.springframework.boot.test.autoconfigure.restdocs.RestDocsTestExecutionListener, org.springframework.boot.test.autoconfigure.web.client.MockRestServiceServerResetTestExecutionListener, org.springframework.boot.test.autoconfigure.web.servlet.MockMvcPrintOnlyOnFailureTestExecutionListener, org.springframework.boot.test.autoconfigure.web.servlet.WebDriverTestExecutionListener, org.springframework.boot.test.mock.mockito.MockitoTestExecutionListener, org.springframework.boot.test.mock.mockito.ResetMocksTestExecutionListener, org.springframework.test.context.web.ServletTestExecutionListener, org.springframework.test.context.support.DirtiesContextBeforeModesTestExecutionListener, org.springframework.test.context.support.DependencyInjectionTestExecutionListener, org.springframework.test.context.support.DirtiesContextTestExecutionListener, org.springframework.test.context.transaction.TransactionalTestExecutionListener, org.springframework.test.context.jdbc.SqlScriptsTestExecutionListener]
2019-04-15 13:43:00.463  INFO 4200 --- [    Test worker] .b.t.c.SpringBootTestContextBootstrapper : Using TestExecutionListeners: [org.springframework.test.context.web.ServletTestExecutionListener@4fca84f0, org.springframework.test.context.support.DirtiesContextBeforeModesTestExecutionListener@124976a5, org.springframework.boot.test.mock.mockito.MockitoTestExecutionListener@a35500f, org.springframework.boot.test.autoconfigure.SpringBootDependencyInjectionTestExecutionListener@7e5c4e77, org.springframework.test.context.support.DirtiesContextTestExecutionListener@65aaa848, org.springframework.boot.test.autoconfigure.restdocs.RestDocsTestExecutionListener@3c8f0606, org.springframework.boot.test.autoconfigure.web.client.MockRestServiceServerResetTestExecutionListener@1c9a8cb0, org.springframework.boot.test.autoconfigure.web.servlet.MockMvcPrintOnlyOnFailureTestExecutionListener@2956a2, org.springframework.boot.test.autoconfigure.web.servlet.WebDriverTestExecutionListener@30f14607, org.springframework.boot.test.mock.mockito.ResetMocksTestExecutionListener@748ad929]

  Scenario: Player replies with server error                       ?[90m# io/pivotal/extremerstartup/basic_scoring.feature:21?[0m
2019-04-15 13:43:05.748  INFO 4200 --- [    Test worker] .b.t.c.SpringBootTestContextBootstrapper : Neither @ContextConfiguration nor @ContextHierarchy found for test class [io.pivotal.extremerstartup.cucumbersteps.ServerSetupSteps], using SpringBootContextLoader
2019-04-15 13:43:05.749  INFO 4200 --- [    Test worker] o.s.t.c.support.AbstractContextLoader    : Could not detect default resource locations for test class [io.pivotal.extremerstartup.cucumbersteps.ServerSetupSteps]: no resource found for suffixes {-context.xml, Context.groovy}.
2019-04-15 13:43:05.749  INFO 4200 --- [    Test worker] t.c.s.AnnotationConfigContextLoaderUtils : Could not detect default configuration classes for test class [io.pivotal.extremerstartup.cucumbersteps.ServerSetupSteps]: ServerSetupSteps does not declare any static, non-private, non-final, nested classes annotated with @Configuration.
2019-04-15 13:43:05.750  INFO 4200 --- [    Test worker] .b.t.c.SpringBootTestContextBootstrapper : Found @SpringBootConfiguration io.pivotal.extremerstartup.ExtremerstartupApplication for test class io.pivotal.extremerstartup.cucumbersteps.ServerSetupSteps
2019-04-15 13:43:05.750  INFO 4200 --- [    Test worker] .b.t.c.SpringBootTestContextBootstrapper : Loaded default TestExecutionListener class names from location [META-INF/spring.factories]: [org.springframework.boot.test.autoconfigure.restdocs.RestDocsTestExecutionListener, org.springframework.boot.test.autoconfigure.web.client.MockRestServiceServerResetTestExecutionListener, org.springframework.boot.test.autoconfigure.web.servlet.MockMvcPrintOnlyOnFailureTestExecutionListener, org.springframework.boot.test.autoconfigure.web.servlet.WebDriverTestExecutionListener, org.springframework.boot.test.mock.mockito.MockitoTestExecutionListener, org.springframework.boot.test.mock.mockito.ResetMocksTestExecutionListener, org.springframework.test.context.web.ServletTestExecutionListener, org.springframework.test.context.support.DirtiesContextBeforeModesTestExecutionListener, org.springframework.test.context.support.DependencyInjectionTestExecutionListener, org.springframework.test.context.support.DirtiesContextTestExecutionListener, org.springframework.test.context.transaction.TransactionalTestExecutionListener, org.springframework.test.context.jdbc.SqlScriptsTestExecutionListener]
2019-04-15 13:43:05.751  INFO 4200 --- [    Test worker] .b.t.c.SpringBootTestContextBootstrapper : Using TestExecutionListeners: [org.springframework.test.context.web.ServletTestExecutionListener@4f40e0a7, org.springframework.test.context.support.DirtiesContextBeforeModesTestExecutionListener@5dec9a55, org.springframework.boot.test.mock.mockito.MockitoTestExecutionListener@23cbdabb, org.springframework.boot.test.autoconfigure.SpringBootDependencyInjectionTestExecutionListener@3b93beca, org.springframework.test.context.support.DirtiesContextTestExecutionListener@739e34c7, org.springframework.boot.test.autoconfigure.restdocs.RestDocsTestExecutionListener@4a9926d3, org.springframework.boot.test.autoconfigure.web.client.MockRestServiceServerResetTestExecutionListener@377a2339, org.springframework.boot.test.autoconfigure.web.servlet.MockMvcPrintOnlyOnFailureTestExecutionListener@1139aef2, org.springframework.boot.test.autoconfigure.web.servlet.WebDriverTestExecutionListener@1303981e, org.springframework.boot.test.mock.mockito.ResetMocksTestExecutionListener@10af8b13]

  Scenario: Player replies with client error                        ?[90m# io/pivotal/extremerstartup/basic_scoring.feature:30?[0m
2019-04-15 13:43:10.994  INFO 4200 --- [    Test worker] .b.t.c.SpringBootTestContextBootstrapper : Neither @ContextConfiguration nor @ContextHierarchy found for test class [io.pivotal.extremerstartup.cucumbersteps.ServerSetupSteps], using SpringBootContextLoader
2019-04-15 13:43:10.994  INFO 4200 --- [    Test worker] o.s.t.c.support.AbstractContextLoader    : Could not detect default resource locations for test class [io.pivotal.extremerstartup.cucumbersteps.ServerSetupSteps]: no resource found for suffixes {-context.xml, Context.groovy}.
2019-04-15 13:43:10.994  INFO 4200 --- [    Test worker] t.c.s.AnnotationConfigContextLoaderUtils : Could not detect default configuration classes for test class [io.pivotal.extremerstartup.cucumbersteps.ServerSetupSteps]: ServerSetupSteps does not declare any static, non-private, non-final, nested classes annotated with @Configuration.
2019-04-15 13:43:10.995  INFO 4200 --- [    Test worker] .b.t.c.SpringBootTestContextBootstrapper : Found @SpringBootConfiguration io.pivotal.extremerstartup.ExtremerstartupApplication for test class io.pivotal.extremerstartup.cucumbersteps.ServerSetupSteps
2019-04-15 13:43:10.996  INFO 4200 --- [    Test worker] .b.t.c.SpringBootTestContextBootstrapper : Loaded default TestExecutionListener class names from location [META-INF/spring.factories]: [org.springframework.boot.test.autoconfigure.restdocs.RestDocsTestExecutionListener, org.springframework.boot.test.autoconfigure.web.client.MockRestServiceServerResetTestExecutionListener, org.springframework.boot.test.autoconfigure.web.servlet.MockMvcPrintOnlyOnFailureTestExecutionListener, org.springframework.boot.test.autoconfigure.web.servlet.WebDriverTestExecutionListener, org.springframework.boot.test.mock.mockito.MockitoTestExecutionListener, org.springframework.boot.test.mock.mockito.ResetMocksTestExecutionListener, org.springframework.test.context.web.ServletTestExecutionListener, org.springframework.test.context.support.DirtiesContextBeforeModesTestExecutionListener, org.springframework.test.context.support.DependencyInjectionTestExecutionListener, org.springframework.test.context.support.DirtiesContextTestExecutionListener, org.springframework.test.context.transaction.TransactionalTestExecutionListener, org.springframework.test.context.jdbc.SqlScriptsTestExecutionListener]
2019-04-15 13:43:10.996  INFO 4200 --- [    Test worker] .b.t.c.SpringBootTestContextBootstrapper : Using TestExecutionListeners: [org.springframework.test.context.web.ServletTestExecutionListener@6f7d5847, org.springframework.test.context.support.DirtiesContextBeforeModesTestExecutionListener@156f146a, org.springframework.boot.test.mock.mockito.MockitoTestExecutionListener@671d066, org.springframework.boot.test.autoconfigure.SpringBootDependencyInjectionTestExecutionListener@57c5fdc5, org.springframework.test.context.support.DirtiesContextTestExecutionListener@527f281a, org.springframework.boot.test.autoconfigure.restdocs.RestDocsTestExecutionListener@3f5eaa7b, org.springframework.boot.test.autoconfigure.web.client.MockRestServiceServerResetTestExecutionListener@37a4af16, org.springframework.boot.test.autoconfigure.web.servlet.MockMvcPrintOnlyOnFailureTestExecutionListener@4ff747f2, org.springframework.boot.test.autoconfigure.web.servlet.WebDriverTestExecutionListener@646399ee, org.springframework.boot.test.mock.mockito.ResetMocksTestExecutionListener@2e24ea6b]

Feature: Penalty Rules
  Penalty for failure depends on your league position.

  If you get a question wrong, your score is reduced by X, where X is the potential value of the question, divided by your current leaderboard position. So, the higher you are on the leaderboard, the more penalty you suffer for getting the same question wrong.

  i.e.

  X = Value / Position

  When the game starts, initial leaderboard position is determined by the order in which you entered.

  Scenario: One player plays another                                      ?[90m# io/pivotal/extremerstartup/penalty_rules.feature:13?[0m
2019-04-15 13:43:16.474  INFO 4200 --- [    Test worker] .b.t.c.SpringBootTestContextBootstrapper : Neither @ContextConfiguration nor @ContextHierarchy found for test class [io.pivotal.extremerstartup.cucumbersteps.ServerSetupSteps], using SpringBootContextLoader
2019-04-15 13:43:16.474  INFO 4200 --- [    Test worker] o.s.t.c.support.AbstractContextLoader    : Could not detect default resource locations for test class [io.pivotal.extremerstartup.cucumbersteps.ServerSetupSteps]: no resource found for suffixes {-context.xml, Context.groovy}.
2019-04-15 13:43:16.474  INFO 4200 --- [    Test worker] t.c.s.AnnotationConfigContextLoaderUtils : Could not detect default configuration classes for test class [io.pivotal.extremerstartup.cucumbersteps.ServerSetupSteps]: ServerSetupSteps does not declare any static, non-private, non-final, nested classes annotated with @Configuration.
2019-04-15 13:43:16.476  INFO 4200 --- [    Test worker] .b.t.c.SpringBootTestContextBootstrapper : Found @SpringBootConfiguration io.pivotal.extremerstartup.ExtremerstartupApplication for test class io.pivotal.extremerstartup.cucumbersteps.ServerSetupSteps
2019-04-15 13:43:16.477  INFO 4200 --- [    Test worker] .b.t.c.SpringBootTestContextBootstrapper : Loaded default TestExecutionListener class names from location [META-INF/spring.factories]: [org.springframework.boot.test.autoconfigure.restdocs.RestDocsTestExecutionListener, org.springframework.boot.test.autoconfigure.web.client.MockRestServiceServerResetTestExecutionListener, org.springframework.boot.test.autoconfigure.web.servlet.MockMvcPrintOnlyOnFailureTestExecutionListener, org.springframework.boot.test.autoconfigure.web.servlet.WebDriverTestExecutionListener, org.springframework.boot.test.mock.mockito.MockitoTestExecutionListener, org.springframework.boot.test.mock.mockito.ResetMocksTestExecutionListener, org.springframework.test.context.web.ServletTestExecutionListener, org.springframework.test.context.support.DirtiesContextBeforeModesTestExecutionListener, org.springframework.test.context.support.DependencyInjectionTestExecutionListener, org.springframework.test.context.support.DirtiesContextTestExecutionListener, org.springframework.test.context.transaction.TransactionalTestExecutionListener, org.springframework.test.context.jdbc.SqlScriptsTestExecutionListener]
2019-04-15 13:43:16.478  INFO 4200 --- [    Test worker] .b.t.c.SpringBootTestContextBootstrapper : Using TestExecutionListeners: [org.springframework.test.context.web.ServletTestExecutionListener@3c2cb1d3, org.springframework.test.context.support.DirtiesContextBeforeModesTestExecutionListener@7aca00cc, org.springframework.boot.test.mock.mockito.MockitoTestExecutionListener@5784cf1e, org.springframework.boot.test.autoconfigure.SpringBootDependencyInjectionTestExecutionListener@e5df1d2, org.springframework.test.context.support.DirtiesContextTestExecutionListener@57266be3, org.springframework.boot.test.autoconfigure.restdocs.RestDocsTestExecutionListener@7dc0cdab, org.springframework.boot.test.autoconfigure.web.client.MockRestServiceServerResetTestExecutionListener@c4d0132, org.springframework.boot.test.autoconfigure.web.servlet.MockMvcPrintOnlyOnFailureTestExecutionListener@6dffb208, org.springframework.boot.test.autoconfigure.web.servlet.WebDriverTestExecutionListener@9e2b527, org.springframework.boot.test.mock.mockito.ResetMocksTestExecutionListener@72348c25]

Feature: Warm up

  Background:                                   ?[90m# io/pivotal/extremerstartup/warm_up.feature:3?[0m
2019-04-15 13:43:21.868  INFO 4200 --- [    Test worker] .b.t.c.SpringBootTestContextBootstrapper : Neither @ContextConfiguration nor @ContextHierarchy found for test class [io.pivotal.extremerstartup.cucumbersteps.ServerSetupSteps], using SpringBootContextLoader
2019-04-15 13:43:21.868  INFO 4200 --- [    Test worker] o.s.t.c.support.AbstractContextLoader    : Could not detect default resource locations for test class [io.pivotal.extremerstartup.cucumbersteps.ServerSetupSteps]: no resource found for suffixes {-context.xml, Context.groovy}.
2019-04-15 13:43:21.868  INFO 4200 --- [    Test worker] t.c.s.AnnotationConfigContextLoaderUtils : Could not detect default configuration classes for test class [io.pivotal.extremerstartup.cucumbersteps.ServerSetupSteps]: ServerSetupSteps does not declare any static, non-private, non-final, nested classes annotated with @Configuration.
2019-04-15 13:43:21.869  INFO 4200 --- [    Test worker] .b.t.c.SpringBootTestContextBootstrapper : Found @SpringBootConfiguration io.pivotal.extremerstartup.ExtremerstartupApplication for test class io.pivotal.extremerstartup.cucumbersteps.ServerSetupSteps
2019-04-15 13:43:21.870  INFO 4200 --- [    Test worker] .b.t.c.SpringBootTestContextBootstrapper : Loaded default TestExecutionListener class names from location [META-INF/spring.factories]: [org.springframework.boot.test.autoconfigure.restdocs.RestDocsTestExecutionListener, org.springframework.boot.test.autoconfigure.web.client.MockRestServiceServerResetTestExecutionListener, org.springframework.boot.test.autoconfigure.web.servlet.MockMvcPrintOnlyOnFailureTestExecutionListener, org.springframework.boot.test.autoconfigure.web.servlet.WebDriverTestExecutionListener, org.springframework.boot.test.mock.mockito.MockitoTestExecutionListener, org.springframework.boot.test.mock.mockito.ResetMocksTestExecutionListener, org.springframework.test.context.web.ServletTestExecutionListener, org.springframework.test.context.support.DirtiesContextBeforeModesTestExecutionListener, org.springframework.test.context.support.DependencyInjectionTestExecutionListener, org.springframework.test.context.support.DirtiesContextTestExecutionListener, org.springframework.test.context.transaction.TransactionalTestExecutionListener, org.springframework.test.context.jdbc.SqlScriptsTestExecutionListener]
2019-04-15 13:43:21.871  INFO 4200 --- [    Test worker] .b.t.c.SpringBootTestContextBootstrapper : Using TestExecutionListeners: [org.springframework.test.context.web.ServletTestExecutionListener@4b1a3a0f, org.springframework.test.context.support.DirtiesContextBeforeModesTestExecutionListener@45a516c0, org.springframework.boot.test.mock.mockito.MockitoTestExecutionListener@105debae, org.springframework.boot.test.autoconfigure.SpringBootDependencyInjectionTestExecutionListener@17ad6fa4, org.springframework.test.context.support.DirtiesContextTestExecutionListener@d7df51c, org.springframework.boot.test.autoconfigure.restdocs.RestDocsTestExecutionListener@6083e165, org.springframework.boot.test.autoconfigure.web.client.MockRestServiceServerResetTestExecutionListener@1f7c7640, org.springframework.boot.test.autoconfigure.web.servlet.MockMvcPrintOnlyOnFailureTestExecutionListener@6350fa44, org.springframework.boot.test.autoconfigure.web.servlet.WebDriverTestExecutionListener@1e73627, org.springframework.boot.test.mock.mockito.ResetMocksTestExecutionListener@7e1077b7]

  Background:                                   ?[90m# io/pivotal/extremerstartup/warm_up.feature:3?[0m
2019-04-15 13:43:27.257  INFO 4200 --- [    Test worker] .b.t.c.SpringBootTestContextBootstrapper : Neither @ContextConfiguration nor @ContextHierarchy found for test class [io.pivotal.extremerstartup.cucumbersteps.ServerSetupSteps], using SpringBootContextLoader
2019-04-15 13:43:27.257  INFO 4200 --- [    Test worker] o.s.t.c.support.AbstractContextLoader    : Could not detect default resource locations for test class [io.pivotal.extremerstartup.cucumbersteps.ServerSetupSteps]: no resource found for suffixes {-context.xml, Context.groovy}.
2019-04-15 13:43:27.257  INFO 4200 --- [    Test worker] t.c.s.AnnotationConfigContextLoaderUtils : Could not detect default configuration classes for test class [io.pivotal.extremerstartup.cucumbersteps.ServerSetupSteps]: ServerSetupSteps does not declare any static, non-private, non-final, nested classes annotated with @Configuration.
2019-04-15 13:43:27.259  INFO 4200 --- [    Test worker] .b.t.c.SpringBootTestContextBootstrapper : Found @SpringBootConfiguration io.pivotal.extremerstartup.ExtremerstartupApplication for test class io.pivotal.extremerstartup.cucumbersteps.ServerSetupSteps
2019-04-15 13:43:27.259  INFO 4200 --- [    Test worker] .b.t.c.SpringBootTestContextBootstrapper : Loaded default TestExecutionListener class names from location [META-INF/spring.factories]: [org.springframework.boot.test.autoconfigure.restdocs.RestDocsTestExecutionListener, org.springframework.boot.test.autoconfigure.web.client.MockRestServiceServerResetTestExecutionListener, org.springframework.boot.test.autoconfigure.web.servlet.MockMvcPrintOnlyOnFailureTestExecutionListener, org.springframework.boot.test.autoconfigure.web.servlet.WebDriverTestExecutionListener, org.springframework.boot.test.mock.mockito.MockitoTestExecutionListener, org.springframework.boot.test.mock.mockito.ResetMocksTestExecutionListener, org.springframework.test.context.web.ServletTestExecutionListener, org.springframework.test.context.support.DirtiesContextBeforeModesTestExecutionListener, org.springframework.test.context.support.DependencyInjectionTestExecutionListener, org.springframework.test.context.support.DirtiesContextTestExecutionListener, org.springframework.test.context.transaction.TransactionalTestExecutionListener, org.springframework.test.context.jdbc.SqlScriptsTestExecutionListener]
2019-04-15 13:43:27.260  INFO 4200 --- [    Test worker] .b.t.c.SpringBootTestContextBootstrapper : Using TestExecutionListeners: [org.springframework.test.context.web.ServletTestExecutionListener@56ab5804, org.springframework.test.context.support.DirtiesContextBeforeModesTestExecutionListener@16cc84a4, org.springframework.boot.test.mock.mockito.MockitoTestExecutionListener@720f76a3, org.springframework.boot.test.autoconfigure.SpringBootDependencyInjectionTestExecutionListener@41cf1de1, org.springframework.test.context.support.DirtiesContextTestExecutionListener@4d2816a4, org.springframework.boot.test.autoconfigure.restdocs.RestDocsTestExecutionListener@3fb35201, org.springframework.boot.test.autoconfigure.web.client.MockRestServiceServerResetTestExecutionListener@3600813a, org.springframework.boot.test.autoconfigure.web.servlet.MockMvcPrintOnlyOnFailureTestExecutionListener@f99b20e, org.springframework.boot.test.autoconfigure.web.servlet.WebDriverTestExecutionListener@209086f, org.springframework.boot.test.mock.mockito.ResetMocksTestExecutionListener@278f6175]

Feature: A team can withdraw from the game
  In order to be considered as big loosers
  As a team
  I want to be able to withdraw from the game

  Scenario: Withdraw                                         ?[90m# io/pivotal/extremerstartup/withdraw.feature:6?[0m

11 Scenarios (?[32m11 passed?[0m)
51 Steps (?[32m51 passed?[0m)
0m52.317s

]]></system-out>
  <system-err><![CDATA[]]></system-err>
</testsuite>
