<?xml version="1.0" encoding="UTF-8"?>
<testsuite name="io.pivotal.extremerstartup.QuestionAskerTest" tests="5" skipped="0" failures="0" errors="0" timestamp="2019-04-15T11:42:40" hostname="Pivotal-iMac-3.local" time="0.065">
  <properties/>
  <testcase name="Decrements player score based on error for an http error response" classname="io.pivotal.extremerstartup.QuestionAskerTest" time="0.043"/>
  <testcase name="Decrements player score based on position for an incorrect answer" classname="io.pivotal.extremerstartup.QuestionAskerTest" time="0.004"/>
  <testcase name="Sends a GET request with a question to each player" classname="io.pivotal.extremerstartup.QuestionAskerTest" time="0.005"/>
  <testcase name="Increments player score by 10 for a correct answer" classname="io.pivotal.extremerstartup.QuestionAskerTest" time="0.004"/>
  <testcase name="Logs the results for the player" classname="io.pivotal.extremerstartup.QuestionAskerTest" time="0.004"/>
  <system-out><![CDATA[13:42:37.322 [Test worker] DEBUG org.springframework.test.context.junit4.SpringJUnit4ClassRunner - SpringJUnit4ClassRunner constructor called with [class io.pivotal.extremerstartup.QuestionAskerTest]
13:42:37.330 [Test worker] DEBUG org.springframework.test.context.BootstrapUtils - Instantiating CacheAwareContextLoaderDelegate from class [org.springframework.test.context.cache.DefaultCacheAwareContextLoaderDelegate]
13:42:37.336 [Test worker] DEBUG org.springframework.test.context.BootstrapUtils - Instantiating BootstrapContext using constructor [public org.springframework.test.context.support.DefaultBootstrapContext(java.lang.Class,org.springframework.test.context.CacheAwareContextLoaderDelegate)]
13:42:37.353 [Test worker] DEBUG org.springframework.test.context.BootstrapUtils - Instantiating TestContextBootstrapper for test class [io.pivotal.extremerstartup.QuestionAskerTest] from class [org.springframework.boot.test.context.SpringBootTestContextBootstrapper]
13:42:37.364 [Test worker] INFO org.springframework.boot.test.context.SpringBootTestContextBootstrapper - Neither @ContextConfiguration nor @ContextHierarchy found for test class [io.pivotal.extremerstartup.QuestionAskerTest], using SpringBootContextLoader
13:42:37.367 [Test worker] DEBUG org.springframework.test.context.support.AbstractContextLoader - Did not detect default resource location for test class [io.pivotal.extremerstartup.QuestionAskerTest]: class path resource [io/pivotal/extremerstartup/QuestionAskerTest-context.xml] does not exist
13:42:37.367 [Test worker] DEBUG org.springframework.test.context.support.AbstractContextLoader - Did not detect default resource location for test class [io.pivotal.extremerstartup.QuestionAskerTest]: class path resource [io/pivotal/extremerstartup/QuestionAskerTestContext.groovy] does not exist
13:42:37.368 [Test worker] INFO org.springframework.test.context.support.AbstractContextLoader - Could not detect default resource locations for test class [io.pivotal.extremerstartup.QuestionAskerTest]: no resource found for suffixes {-context.xml, Context.groovy}.
13:42:37.368 [Test worker] INFO org.springframework.test.context.support.AnnotationConfigContextLoaderUtils - Could not detect default configuration classes for test class [io.pivotal.extremerstartup.QuestionAskerTest]: QuestionAskerTest does not declare any static, non-private, non-final, nested classes annotated with @Configuration.
13:42:37.401 [Test worker] DEBUG org.springframework.test.context.support.ActiveProfilesUtils - Could not find an 'annotation declaring class' for annotation type [org.springframework.test.context.ActiveProfiles] and class [io.pivotal.extremerstartup.QuestionAskerTest]
13:42:37.489 [Test worker] DEBUG org.springframework.context.annotation.ClassPathScanningCandidateComponentProvider - Identified candidate component class: file [/Users/pivotal/workspace/extremerStartup/build/classes/kotlin/main/io/pivotal/extremerstartup/ExtremerstartupApplication.class]
13:42:37.495 [Test worker] INFO org.springframework.boot.test.context.SpringBootTestContextBootstrapper - Found @SpringBootConfiguration io.pivotal.extremerstartup.ExtremerstartupApplication for test class io.pivotal.extremerstartup.QuestionAskerTest
13:42:37.575 [Test worker] DEBUG org.springframework.boot.test.context.SpringBootTestContextBootstrapper - @TestExecutionListeners is not present for class [io.pivotal.extremerstartup.QuestionAskerTest]: using defaults.
13:42:37.576 [Test worker] INFO org.springframework.boot.test.context.SpringBootTestContextBootstrapper - Loaded default TestExecutionListener class names from location [META-INF/spring.factories]: [org.springframework.boot.test.autoconfigure.restdocs.RestDocsTestExecutionListener, org.springframework.boot.test.autoconfigure.web.client.MockRestServiceServerResetTestExecutionListener, org.springframework.boot.test.autoconfigure.web.servlet.MockMvcPrintOnlyOnFailureTestExecutionListener, org.springframework.boot.test.autoconfigure.web.servlet.WebDriverTestExecutionListener, org.springframework.boot.test.mock.mockito.MockitoTestExecutionListener, org.springframework.boot.test.mock.mockito.ResetMocksTestExecutionListener, org.springframework.test.context.web.ServletTestExecutionListener, org.springframework.test.context.support.DirtiesContextBeforeModesTestExecutionListener, org.springframework.test.context.support.DependencyInjectionTestExecutionListener, org.springframework.test.context.support.DirtiesContextTestExecutionListener, org.springframework.test.context.transaction.TransactionalTestExecutionListener, org.springframework.test.context.jdbc.SqlScriptsTestExecutionListener]
13:42:37.583 [Test worker] DEBUG org.springframework.boot.test.context.SpringBootTestContextBootstrapper - Skipping candidate TestExecutionListener [org.springframework.test.context.transaction.TransactionalTestExecutionListener] due to a missing dependency. Specify custom listener classes or make the default listener classes and their required dependencies available. Offending class: [org/springframework/transaction/interceptor/TransactionAttributeSource]
13:42:37.583 [Test worker] DEBUG org.springframework.boot.test.context.SpringBootTestContextBootstrapper - Skipping candidate TestExecutionListener [org.springframework.test.context.jdbc.SqlScriptsTestExecutionListener] due to a missing dependency. Specify custom listener classes or make the default listener classes and their required dependencies available. Offending class: [org/springframework/transaction/interceptor/TransactionAttribute]
13:42:37.583 [Test worker] INFO org.springframework.boot.test.context.SpringBootTestContextBootstrapper - Using TestExecutionListeners: [org.springframework.test.context.web.ServletTestExecutionListener@2512f52e, org.springframework.test.context.support.DirtiesContextBeforeModesTestExecutionListener@4059880f, org.springframework.boot.test.mock.mockito.MockitoTestExecutionListener@34820338, org.springframework.boot.test.autoconfigure.SpringBootDependencyInjectionTestExecutionListener@64467acd, org.springframework.test.context.support.DirtiesContextTestExecutionListener@564f48ee, org.springframework.boot.test.autoconfigure.restdocs.RestDocsTestExecutionListener@5a5abbd8, org.springframework.boot.test.autoconfigure.web.client.MockRestServiceServerResetTestExecutionListener@7e65f868, org.springframework.boot.test.autoconfigure.web.servlet.MockMvcPrintOnlyOnFailureTestExecutionListener@29a2757b, org.springframework.boot.test.autoconfigure.web.servlet.WebDriverTestExecutionListener@5064099, org.springframework.boot.test.mock.mockito.ResetMocksTestExecutionListener@a8daf9a]
13:42:37.585 [Test worker] DEBUG org.springframework.test.annotation.ProfileValueUtils - Retrieved @ProfileValueSourceConfiguration [null] for test class [io.pivotal.extremerstartup.QuestionAskerTest]
13:42:37.585 [Test worker] DEBUG org.springframework.test.annotation.ProfileValueUtils - Retrieved ProfileValueSource type [class org.springframework.test.annotation.SystemProfileValueSource] for class [io.pivotal.extremerstartup.QuestionAskerTest]
13:42:37.586 [Test worker] DEBUG org.springframework.test.annotation.ProfileValueUtils - Retrieved @ProfileValueSourceConfiguration [null] for test class [io.pivotal.extremerstartup.QuestionAskerTest]
13:42:37.586 [Test worker] DEBUG org.springframework.test.annotation.ProfileValueUtils - Retrieved ProfileValueSource type [class org.springframework.test.annotation.SystemProfileValueSource] for class [io.pivotal.extremerstartup.QuestionAskerTest]
13:42:37.589 [Test worker] DEBUG org.springframework.test.context.support.AbstractDirtiesContextTestExecutionListener - Before test class: context [DefaultTestContext@52fde261 testClass = QuestionAskerTest, testInstance = [null], testMethod = [null], testException = [null], mergedContextConfiguration = [WebMergedContextConfiguration@4011fd25 testClass = QuestionAskerTest, locations = '{}', classes = '{class io.pivotal.extremerstartup.ExtremerstartupApplication}', contextInitializerClasses = '[]', activeProfiles = '{}', propertySourceLocations = '{}', propertySourceProperties = '{org.springframework.boot.test.context.SpringBootTestContextBootstrapper=true}', contextCustomizers = set[org.springframework.boot.test.autoconfigure.properties.PropertyMappingContextCustomizer@0, org.springframework.boot.test.autoconfigure.web.servlet.WebDriverContextCustomizerFactory$Customizer@29b1d30c, org.springframework.boot.test.context.filter.ExcludeFilterContextCustomizer@3fe02b6, org.springframework.boot.test.json.DuplicateJsonObjectContextCustomizerFactory$DuplicateJsonObjectContextCustomizer@6668a010, org.springframework.boot.test.mock.mockito.MockitoContextCustomizer@1a1fedc0, org.springframework.boot.test.web.client.TestRestTemplateContextCustomizer@5e2ef637], resourceBasePath = 'src/main/webapp', contextLoader = 'org.springframework.boot.test.context.SpringBootContextLoader', parent = [null]], attributes = map['org.springframework.test.context.web.ServletTestExecutionListener.activateListener' -> true]], class annotated with @DirtiesContext [false] with mode [null].
13:42:37.590 [Test worker] DEBUG org.springframework.test.annotation.ProfileValueUtils - Retrieved @ProfileValueSourceConfiguration [null] for test class [io.pivotal.extremerstartup.QuestionAskerTest]
13:42:37.590 [Test worker] DEBUG org.springframework.test.annotation.ProfileValueUtils - Retrieved ProfileValueSource type [class org.springframework.test.annotation.SystemProfileValueSource] for class [io.pivotal.extremerstartup.QuestionAskerTest]
13:42:37.605 [Test worker] DEBUG org.springframework.test.context.support.TestPropertySourceUtils - Adding inlined properties to environment: {spring.jmx.enabled=false, org.springframework.boot.test.context.SpringBootTestContextBootstrapper=true, server.port=-1}

  .   ____          _            __ _ _
 /\\ / ___'_ __ _ _(_)_ __  __ _ \ \ \ \
( ( )\___ | '_ | '_| | '_ \/ _` | \ \ \ \
 \\/  ___)| |_)| | | | | || (_| |  ) ) ) )
  '  |____| .__|_| |_|_| |_\__, | / / / /
 =========|_|==============|___/=/_/_/_/
 :: Spring Boot ::        (v2.1.4.RELEASE)

2019-04-15 13:42:37.777  INFO 4200 --- [    Test worker] i.p.extremerstartup.QuestionAskerTest    : Starting QuestionAskerTest on Pivotal-iMac-3.local with PID 4200 (started by pivotal in /Users/pivotal/workspace/extremerStartup)
2019-04-15 13:42:37.778  INFO 4200 --- [    Test worker] i.p.extremerstartup.QuestionAskerTest    : No active profile set, falling back to default profiles: default
2019-04-15 13:42:38.100  WARN 4200 --- [kground-preinit] o.s.h.c.j.Jackson2ObjectMapperBuilder    : For Jackson Kotlin classes support please add "com.fasterxml.jackson.module:jackson-module-kotlin" to the classpath
2019-04-15 13:42:39.762  INFO 4200 --- [    Test worker] o.s.s.concurrent.ThreadPoolTaskExecutor  : Initializing ExecutorService 'applicationTaskExecutor'
2019-04-15 13:42:40.076  INFO 4200 --- [    Test worker] o.s.s.c.ThreadPoolTaskScheduler          : Initializing ExecutorService 'taskScheduler'
2019-04-15 13:42:40.120  INFO 4200 --- [    Test worker] i.p.extremerstartup.QuestionAskerTest    : Started QuestionAskerTest in 2.509 seconds (JVM running for 3.356)
Asking player "Team A" at "http://example.org" "Test Question".Player "Team A" correctly answered "Correct". Scoring 10 points.
Asking player "Team B" at "http://google.com" "Test Question".Player "Team B" incorrectly answered "Incorrect". Scoring -5 points.
Asking player "Team C" at "http://altavista.com" "Test Question".Player "Team C" incorrectly answered "Incorrect". Scoring -3 points.
Asking player "Team D" at "http://404.com" "Test Question".Player "Team D" responded with a 4XX status. Scoring -40 points.
Asking player "Team E" at "http://500.com" "Test Question".Player "Team E" responded with a 5XX status. Scoring -50 points.
Asking player "Team A" at "http://example.org" "Test Question".Player "Team A" correctly answered "Correct". Scoring 10 points.
Asking player "Team B" at "http://google.com" "Test Question".Player "Team B" incorrectly answered "Incorrect". Scoring -5 points.
Asking player "Team C" at "http://altavista.com" "Test Question".Player "Team C" incorrectly answered "Incorrect". Scoring -3 points.
Asking player "Team D" at "http://404.com" "Test Question".Player "Team D" responded with a 4XX status. Scoring -40 points.
Asking player "Team E" at "http://500.com" "Test Question".Player "Team E" responded with a 5XX status. Scoring -50 points.
Asking player "Team A" at "http://example.org" "what is your name".Player "Team A" correctly answered "Correct". Scoring 10 points.
Asking player "Team B" at "http://google.com" "what is your name".Player "Team B" incorrectly answered "Incorrect". Scoring -5 points.
Asking player "Team C" at "http://altavista.com" "what is your name".Player "Team C" incorrectly answered "Incorrect". Scoring -3 points.
Asking player "Team D" at "http://404.com" "what is your name".Player "Team D" responded with a 4XX status. Scoring -40 points.
Asking player "Team E" at "http://500.com" "what is your name".Player "Team E" responded with a 5XX status. Scoring -50 points.
Asking player "Team A" at "http://example.org" "Test Question".Player "Team A" correctly answered "Correct". Scoring 10 points.
Asking player "Team B" at "http://google.com" "Test Question".Player "Team B" incorrectly answered "Incorrect". Scoring -5 points.
Asking player "Team C" at "http://altavista.com" "Test Question".Player "Team C" incorrectly answered "Incorrect". Scoring -3 points.
Asking player "Team D" at "http://404.com" "Test Question".Player "Team D" responded with a 4XX status. Scoring -40 points.
Asking player "Team E" at "http://500.com" "Test Question".Player "Team E" responded with a 5XX status. Scoring -50 points.
Asking player "Team A" at "http://example.org" "Test Question".Player "Team A" correctly answered "Correct". Scoring 10 points.
Asking player "Team B" at "http://google.com" "Test Question".Player "Team B" incorrectly answered "Incorrect". Scoring -5 points.
Asking player "Team C" at "http://altavista.com" "Test Question".Player "Team C" incorrectly answered "Incorrect". Scoring -3 points.
Asking player "Team D" at "http://404.com" "Test Question".Player "Team D" responded with a 4XX status. Scoring -40 points.
Asking player "Team E" at "http://500.com" "Test Question".Player "Team E" responded with a 5XX status. Scoring -50 points.
]]></system-out>
  <system-err><![CDATA[]]></system-err>
</testsuite>
