<?xml version="1.0" encoding="UTF-8"?>
<testsuite name="io.pivotal.extremerstartup.player.PlayerServiceTest" tests="6" skipped="0" failures="0" errors="0" timestamp="2019-04-15T11:43:35" hostname="Pivotal-iMac-3.local" time="0.908">
  <properties/>
  <testcase name="listAll gets all players from the repo" classname="io.pivotal.extremerstartup.player.PlayerServiceTest" time="0.001"/>
  <testcase name="log result adds a result in the repo" classname="io.pivotal.extremerstartup.player.PlayerServiceTest" time="0.001"/>
  <testcase name="store player stores a player in the repo" classname="io.pivotal.extremerstartup.player.PlayerServiceTest" time="0.095"/>
  <testcase name="removePlayer removed the players from the repo" classname="io.pivotal.extremerstartup.player.PlayerServiceTest" time="0.001"/>
  <testcase name="getPlayer gets the players from the repo" classname="io.pivotal.extremerstartup.player.PlayerServiceTest" time="0.001"/>
  <testcase name="change score updates the score in the repo" classname="io.pivotal.extremerstartup.player.PlayerServiceTest" time="0.808"/>
  <system-out><![CDATA[2019-04-15 13:43:35.491  INFO 4200 --- [    Test worker] o.s.t.c.s.DefaultTestContextBootstrapper : Neither @ContextConfiguration nor @ContextHierarchy found for test class [io.pivotal.extremerstartup.player.PlayerServiceTest], using DelegatingSmartContextLoader
2019-04-15 13:43:35.491  INFO 4200 --- [    Test worker] o.s.t.c.support.AbstractContextLoader    : Could not detect default resource locations for test class [io.pivotal.extremerstartup.player.PlayerServiceTest]: no resource found for suffixes {-context.xml}.
2019-04-15 13:43:35.491  INFO 4200 --- [    Test worker] t.c.s.AnnotationConfigContextLoaderUtils : Could not detect default configuration classes for test class [io.pivotal.extremerstartup.player.PlayerServiceTest]: PlayerServiceTest does not declare any static, non-private, non-final, nested classes annotated with @Configuration.
2019-04-15 13:43:35.492  INFO 4200 --- [    Test worker] o.s.t.c.s.DefaultTestContextBootstrapper : Loaded default TestExecutionListener class names from location [META-INF/spring.factories]: [org.springframework.boot.test.autoconfigure.restdocs.RestDocsTestExecutionListener, org.springframework.boot.test.autoconfigure.web.client.MockRestServiceServerResetTestExecutionListener, org.springframework.boot.test.autoconfigure.web.servlet.MockMvcPrintOnlyOnFailureTestExecutionListener, org.springframework.boot.test.autoconfigure.web.servlet.WebDriverTestExecutionListener, org.springframework.boot.test.mock.mockito.MockitoTestExecutionListener, org.springframework.boot.test.mock.mockito.ResetMocksTestExecutionListener, org.springframework.test.context.web.ServletTestExecutionListener, org.springframework.test.context.support.DirtiesContextBeforeModesTestExecutionListener, org.springframework.test.context.support.DependencyInjectionTestExecutionListener, org.springframework.test.context.support.DirtiesContextTestExecutionListener, org.springframework.test.context.transaction.TransactionalTestExecutionListener, org.springframework.test.context.jdbc.SqlScriptsTestExecutionListener]
2019-04-15 13:43:35.493  INFO 4200 --- [    Test worker] o.s.t.c.s.DefaultTestContextBootstrapper : Using TestExecutionListeners: [org.springframework.test.context.web.ServletTestExecutionListener@464d16e3, org.springframework.test.context.support.DirtiesContextBeforeModesTestExecutionListener@5800e29b, org.springframework.boot.test.mock.mockito.MockitoTestExecutionListener@7673ad0, org.springframework.test.context.support.DependencyInjectionTestExecutionListener@3008ff26, org.springframework.test.context.support.DirtiesContextTestExecutionListener@1e5c0dca, org.springframework.boot.test.autoconfigure.restdocs.RestDocsTestExecutionListener@411730a0, org.springframework.boot.test.autoconfigure.web.client.MockRestServiceServerResetTestExecutionListener@7f1823e8, org.springframework.boot.test.autoconfigure.web.servlet.MockMvcPrintOnlyOnFailureTestExecutionListener@89e12e2, org.springframework.boot.test.autoconfigure.web.servlet.WebDriverTestExecutionListener@76d27c66, org.springframework.boot.test.mock.mockito.ResetMocksTestExecutionListener@e38d02c]
]]></system-out>
  <system-err><![CDATA[]]></system-err>
</testsuite>
