<?xml version="1.0" encoding="UTF-8"?>
<testsuite name="Basic Scoring" tests="4" skipped="0" failures="0" errors="0" timestamp="2019-04-15T11:42:49" hostname="Pivotal-iMac-3.local" time="21.104">
  <properties/>
  <testcase name="Player is correct" classname="Basic Scoring" time="5.297"/>
  <testcase name="Player is wrong" classname="Basic Scoring" time="5.267"/>
  <testcase name="Player replies with server error" classname="Basic Scoring" time="5.284"/>
  <testcase name="Player replies with client error" classname="Basic Scoring" time="5.242"/>
  <system-out><![CDATA[    ?[32mGiven ?[0m?[32ma player "?[0m?[32m?[1mbob?[0m?[32m" who replies "?[0m?[32m?[1m4?[0m?[32m" with a status of "?[0m?[32m?[1m200?[0m?[32m":?[0m    ?[90m# Steps.Given a player who(String,String,int)?[0m
    ?[32mAnd ?[0m?[32mthe correct answer to every question is '?[0m?[32m?[1m4?[0m?[32m' worth ?[0m?[32m?[1m10?[0m?[32m points?[0m ?[90m# Steps.the correct answer to every question is(String,int)?[0m
2019-04-15 13:42:49.899  INFO 4200 --- [    Test worker] org.eclipse.jetty.server.Server          : jetty-9.4.15.v20190215; built: 2019-02-15T16:53:49.381Z; git: eb70b240169fcf1abbd86af36482d1c49826fa0b; jvm 1.8.0_60-b27
2019-04-15 13:42:49.901  INFO 4200 --- [    Test worker] o.e.jetty.server.handler.ContextHandler  : Started o.e.j.s.ServletContextHandler@38eea2a4{/__admin,null,AVAILABLE}
2019-04-15 13:42:49.901  INFO 4200 --- [    Test worker] o.e.jetty.server.handler.ContextHandler  : Started o.e.j.s.ServletContextHandler@636e2318{/,null,AVAILABLE}
2019-04-15 13:42:49.902  INFO 4200 --- [    Test worker] o.e.jetty.server.AbstractConnector       : Started NetworkTrafficServerConnector@314c4369{HTTP/1.1,[http/1.1]}{0.0.0.0:9001}
2019-04-15 13:42:49.902  INFO 4200 --- [    Test worker] org.eclipse.jetty.server.Server          : Started @13139ms
2019-04-15 13:42:49.906  INFO 4200 --- [qtp571659974-68] o.e.j.s.handler.ContextHandler.__admin   : RequestHandlerClass from context returned com.github.tomakehurst.wiremock.http.AdminRequestHandler. Normalized mapped under returned 'null'
    ?[32mWhen ?[0m?[32mthe player is entered?[0m                                      ?[90m# Steps.the player is entered()?[0m
2019-04-15 13:42:51.538  INFO 4200 --- [qtp571659974-62] o.e.j.s.handler.ContextHandler.ROOT      : RequestHandlerClass from context returned com.github.tomakehurst.wiremock.http.StubRequestHandler. Normalized mapped under returned 'null'
Asking player "bob" at "http://localhost:9001/" "TEST QUESTION".Player "bob" correctly answered "4". Scoring 10 points.
2019-04-15 13:42:55.106  INFO 4200 --- [    Test worker] o.e.jetty.server.AbstractConnector       : Stopped NetworkTrafficServerConnector@314c4369{HTTP/1.1,[http/1.1]}{0.0.0.0:9001}
2019-04-15 13:42:55.106  INFO 4200 --- [    Test worker] o.e.jetty.server.handler.ContextHandler  : Stopped o.e.j.s.ServletContextHandler@636e2318{/,null,UNAVAILABLE}
2019-04-15 13:42:55.106  INFO 4200 --- [    Test worker] o.e.jetty.server.handler.ContextHandler  : Stopped o.e.j.s.ServletContextHandler@38eea2a4{/__admin,null,UNAVAILABLE}
2019-04-15 13:42:55.106  WARN 4200 --- [    Test worker] o.e.jetty.util.thread.QueuedThreadPool   : QueuedThreadPool[qtp571659974]@2212d6c6{STOPPING,8<=8<=10,i=1,q=3}[org.eclipse.jetty.util.thread.TryExecutor$$Lambda$672/875551555@64a2b236] Couldn't stop Thread[qtp571659974-68,5,]
2019-04-15 13:42:55.107  WARN 4200 --- [    Test worker] o.e.jetty.util.thread.QueuedThreadPool   : QueuedThreadPool[qtp571659974]@2212d6c6{STOPPING,8<=8<=10,i=0,q=3}[org.eclipse.jetty.util.thread.TryExecutor$$Lambda$672/875551555@64a2b236] Couldn't stop Thread[qtp571659974-67,5,]
    ?[32mAnd ?[0m?[32mthe game is played for ?[0m?[32m?[1m5?[0m?[32m second?[0m                             ?[90m# Steps.the game is played for seconds(long)?[0m
    ?[32mThen ?[0m?[32mthe scores should be:?[0m                                      ?[90m# Steps.the scores should be(Steps$Score>)?[0m
    ?[32mGiven ?[0m?[32ma player "?[0m?[32m?[1mcharlie?[0m?[32m" who replies "?[0m?[32m?[1m2?[0m?[32m" with a status of "?[0m?[32m?[1m200?[0m?[32m":?[0m ?[90m# Steps.Given a player who(String,String,int)?[0m
    ?[32mAnd ?[0m?[32mthe correct answer to every question is '?[0m?[32m?[1m4?[0m?[32m' worth ?[0m?[32m?[1m10?[0m?[32m points?[0m  ?[90m# Steps.the correct answer to every question is(String,int)?[0m
2019-04-15 13:42:55.194  INFO 4200 --- [    Test worker] org.eclipse.jetty.server.Server          : jetty-9.4.15.v20190215; built: 2019-02-15T16:53:49.381Z; git: eb70b240169fcf1abbd86af36482d1c49826fa0b; jvm 1.8.0_60-b27
2019-04-15 13:42:55.195  INFO 4200 --- [    Test worker] o.e.jetty.server.handler.ContextHandler  : Started o.e.j.s.ServletContextHandler@186627c9{/__admin,null,AVAILABLE}
2019-04-15 13:42:55.195  INFO 4200 --- [    Test worker] o.e.jetty.server.handler.ContextHandler  : Started o.e.j.s.ServletContextHandler@68969728{/,null,AVAILABLE}
2019-04-15 13:42:55.196  INFO 4200 --- [    Test worker] o.e.jetty.server.AbstractConnector       : Started NetworkTrafficServerConnector@58c828c6{HTTP/1.1,[http/1.1]}{0.0.0.0:9001}
2019-04-15 13:42:55.196  INFO 4200 --- [    Test worker] org.eclipse.jetty.server.Server          : Started @18433ms
2019-04-15 13:42:55.199  INFO 4200 --- [qtp637025416-79] o.e.j.s.handler.ContextHandler.__admin   : RequestHandlerClass from context returned com.github.tomakehurst.wiremock.http.AdminRequestHandler. Normalized mapped under returned 'null'
    ?[32mWhen ?[0m?[32mthe player is entered?[0m                                       ?[90m# Steps.the player is entered()?[0m
2019-04-15 13:42:56.539  INFO 4200 --- [qtp637025416-73] o.e.j.s.handler.ContextHandler.ROOT      : RequestHandlerClass from context returned com.github.tomakehurst.wiremock.http.StubRequestHandler. Normalized mapped under returned 'null'
Asking player "charlie" at "http://localhost:9001/" "TEST QUESTION".Player "charlie" incorrectly answered "2". Scoring -10 points.
2019-04-15 13:43:00.375  INFO 4200 --- [    Test worker] o.e.jetty.server.AbstractConnector       : Stopped NetworkTrafficServerConnector@58c828c6{HTTP/1.1,[http/1.1]}{0.0.0.0:9001}
2019-04-15 13:43:00.376  INFO 4200 --- [    Test worker] o.e.jetty.server.handler.ContextHandler  : Stopped o.e.j.s.ServletContextHandler@68969728{/,null,UNAVAILABLE}
2019-04-15 13:43:00.376  INFO 4200 --- [    Test worker] o.e.jetty.server.handler.ContextHandler  : Stopped o.e.j.s.ServletContextHandler@186627c9{/__admin,null,UNAVAILABLE}
2019-04-15 13:43:00.376  WARN 4200 --- [    Test worker] o.e.jetty.util.thread.QueuedThreadPool   : QueuedThreadPool[qtp637025416]@25f83c88{STOPPING,8<=8<=10,i=0,q=1}[org.eclipse.jetty.util.thread.TryExecutor$$Lambda$672/875551555@64a2b236] Couldn't stop Thread[qtp637025416-78,5,]
2019-04-15 13:43:00.376  WARN 4200 --- [    Test worker] o.e.jetty.util.thread.QueuedThreadPool   : QueuedThreadPool[qtp637025416]@25f83c88{STOPPING,8<=8<=10,i=0,q=1}[org.eclipse.jetty.util.thread.TryExecutor$$Lambda$672/875551555@64a2b236] Couldn't stop Thread[qtp637025416-74,5,]
    ?[32mAnd ?[0m?[32mthe game is played for ?[0m?[32m?[1m5?[0m?[32m second?[0m                              ?[90m# Steps.the game is played for seconds(long)?[0m
    ?[32mThen ?[0m?[32mthe scores should be:?[0m                                       ?[90m# Steps.the scores should be(Steps$Score>)?[0m
    ?[32mGiven ?[0m?[32ma player "?[0m?[32m?[1mernie?[0m?[32m" who replies "?[0m?[32m?[1m0?[0m?[32m" with a status of "?[0m?[32m?[1m500?[0m?[32m":?[0m ?[90m# Steps.Given a player who(String,String,int)?[0m
    ?[32mAnd ?[0m?[32mthe correct answer to every question is '?[0m?[32m?[1m4?[0m?[32m'?[0m                ?[90m# Steps.the correct answer to every question is(String)?[0m
2019-04-15 13:43:00.470  INFO 4200 --- [    Test worker] org.eclipse.jetty.server.Server          : jetty-9.4.15.v20190215; built: 2019-02-15T16:53:49.381Z; git: eb70b240169fcf1abbd86af36482d1c49826fa0b; jvm 1.8.0_60-b27
2019-04-15 13:43:00.472  INFO 4200 --- [    Test worker] o.e.jetty.server.handler.ContextHandler  : Started o.e.j.s.ServletContextHandler@74735b57{/__admin,null,AVAILABLE}
2019-04-15 13:43:00.472  INFO 4200 --- [    Test worker] o.e.jetty.server.handler.ContextHandler  : Started o.e.j.s.ServletContextHandler@1c6a4705{/,null,AVAILABLE}
2019-04-15 13:43:00.473  INFO 4200 --- [    Test worker] o.e.jetty.server.AbstractConnector       : Started NetworkTrafficServerConnector@2e5fb087{HTTP/1.1,[http/1.1]}{0.0.0.0:9001}
2019-04-15 13:43:00.473  INFO 4200 --- [    Test worker] org.eclipse.jetty.server.Server          : Started @23710ms
2019-04-15 13:43:00.477  INFO 4200 --- [qtp403153923-90] o.e.j.s.handler.ContextHandler.__admin   : RequestHandlerClass from context returned com.github.tomakehurst.wiremock.http.AdminRequestHandler. Normalized mapped under returned 'null'
    ?[32mWhen ?[0m?[32mthe player is entered?[0m                                     ?[90m# Steps.the player is entered()?[0m
2019-04-15 13:43:01.537  INFO 4200 --- [qtp403153923-84] o.e.j.s.handler.ContextHandler.ROOT      : RequestHandlerClass from context returned com.github.tomakehurst.wiremock.http.StubRequestHandler. Normalized mapped under returned 'null'
Asking player "ernie" at "http://localhost:9001/" "what is your name".Player "ernie" responded with a 5XX status. Scoring -50 points.
2019-04-15 13:43:05.684  INFO 4200 --- [    Test worker] o.e.jetty.server.AbstractConnector       : Stopped NetworkTrafficServerConnector@2e5fb087{HTTP/1.1,[http/1.1]}{0.0.0.0:9001}
2019-04-15 13:43:05.685  INFO 4200 --- [    Test worker] o.e.jetty.server.handler.ContextHandler  : Stopped o.e.j.s.ServletContextHandler@1c6a4705{/,null,UNAVAILABLE}
2019-04-15 13:43:05.685  INFO 4200 --- [    Test worker] o.e.jetty.server.handler.ContextHandler  : Stopped o.e.j.s.ServletContextHandler@74735b57{/__admin,null,UNAVAILABLE}
2019-04-15 13:43:05.685  WARN 4200 --- [    Test worker] o.e.jetty.util.thread.QueuedThreadPool   : QueuedThreadPool[qtp403153923]@1807a403{STOPPING,8<=8<=10,i=1,q=3}[org.eclipse.jetty.util.thread.TryExecutor$$Lambda$672/875551555@64a2b236] Couldn't stop Thread[qtp403153923-89,5,]
2019-04-15 13:43:05.685  WARN 4200 --- [    Test worker] o.e.jetty.util.thread.QueuedThreadPool   : QueuedThreadPool[qtp403153923]@1807a403{STOPPING,8<=8<=10,i=0,q=3}[org.eclipse.jetty.util.thread.TryExecutor$$Lambda$672/875551555@64a2b236] Couldn't stop Thread[qtp403153923-91,5,]
    ?[32mAnd ?[0m?[32mthe game is played for ?[0m?[32m?[1m5?[0m?[32m second?[0m                            ?[90m# Steps.the game is played for seconds(long)?[0m
    ?[32mThen ?[0m?[32mthe scores should be:?[0m                                     ?[90m# Steps.the scores should be(Steps$Score>)?[0m
    ?[32mGiven ?[0m?[32ma player "?[0m?[32m?[1mfreddy?[0m?[32m" who replies "?[0m?[32m?[1m0?[0m?[32m" with a status of "?[0m?[32m?[1m404?[0m?[32m":?[0m ?[90m# Steps.Given a player who(String,String,int)?[0m
    ?[32mAnd ?[0m?[32mthe correct answer to every question is '?[0m?[32m?[1m4?[0m?[32m'?[0m                 ?[90m# Steps.the correct answer to every question is(String)?[0m
2019-04-15 13:43:05.755  INFO 4200 --- [    Test worker] org.eclipse.jetty.server.Server          : jetty-9.4.15.v20190215; built: 2019-02-15T16:53:49.381Z; git: eb70b240169fcf1abbd86af36482d1c49826fa0b; jvm 1.8.0_60-b27
2019-04-15 13:43:05.756  INFO 4200 --- [    Test worker] o.e.jetty.server.handler.ContextHandler  : Started o.e.j.s.ServletContextHandler@2d3a434b{/__admin,null,AVAILABLE}
2019-04-15 13:43:05.756  INFO 4200 --- [    Test worker] o.e.jetty.server.handler.ContextHandler  : Started o.e.j.s.ServletContextHandler@21713e05{/,null,AVAILABLE}
2019-04-15 13:43:05.757  INFO 4200 --- [    Test worker] o.e.jetty.server.AbstractConnector       : Started NetworkTrafficServerConnector@393ca522{HTTP/1.1,[http/1.1]}{0.0.0.0:9001}
2019-04-15 13:43:05.757  INFO 4200 --- [    Test worker] org.eclipse.jetty.server.Server          : Started @28993ms
2019-04-15 13:43:05.759  INFO 4200 --- [p1508425435-101] o.e.j.s.handler.ContextHandler.__admin   : RequestHandlerClass from context returned com.github.tomakehurst.wiremock.http.AdminRequestHandler. Normalized mapped under returned 'null'
    ?[32mWhen ?[0m?[32mthe player is entered?[0m                                      ?[90m# Steps.the player is entered()?[0m
2019-04-15 13:43:06.538  INFO 4200 --- [tp1508425435-95] o.e.j.s.handler.ContextHandler.ROOT      : RequestHandlerClass from context returned com.github.tomakehurst.wiremock.http.StubRequestHandler. Normalized mapped under returned 'null'
Asking player "freddy" at "http://localhost:9001/" "what is your name".Player "freddy" responded with a 4XX status. Scoring -40 points.
2019-04-15 13:43:10.929  INFO 4200 --- [    Test worker] o.e.jetty.server.AbstractConnector       : Stopped NetworkTrafficServerConnector@393ca522{HTTP/1.1,[http/1.1]}{0.0.0.0:9001}
2019-04-15 13:43:10.930  INFO 4200 --- [    Test worker] o.e.jetty.server.handler.ContextHandler  : Stopped o.e.j.s.ServletContextHandler@21713e05{/,null,UNAVAILABLE}
2019-04-15 13:43:10.930  INFO 4200 --- [    Test worker] o.e.jetty.server.handler.ContextHandler  : Stopped o.e.j.s.ServletContextHandler@2d3a434b{/__admin,null,UNAVAILABLE}
2019-04-15 13:43:10.930  WARN 4200 --- [    Test worker] o.e.jetty.util.thread.QueuedThreadPool   : QueuedThreadPool[qtp1508425435]@59e8bedb{STOPPING,8<=8<=10,i=3,q=4}[org.eclipse.jetty.util.thread.TryExecutor$$Lambda$672/875551555@64a2b236] Couldn't stop Thread[qtp1508425435-96,5,]
2019-04-15 13:43:10.930  WARN 4200 --- [    Test worker] o.e.jetty.util.thread.QueuedThreadPool   : QueuedThreadPool[qtp1508425435]@59e8bedb{STOPPING,8<=8<=10,i=0,q=2}[org.eclipse.jetty.util.thread.TryExecutor$$Lambda$672/875551555@64a2b236] Couldn't stop Thread[qtp1508425435-102,5,]
    ?[32mAnd ?[0m?[32mthe game is played for ?[0m?[32m?[1m5?[0m?[32m second?[0m                             ?[90m# Steps.the game is played for seconds(long)?[0m
    ?[32mThen ?[0m?[32mthe scores should be:?[0m                                      ?[90m# Steps.the scores should be(Steps$Score>)?[0m
]]></system-out>
  <system-err><![CDATA[]]></system-err>
</testsuite>
