<?xml version="1.0" encoding="UTF-8"?>
<testsuite name="io.pivotal.extremerstartup.ExtremerstartupApplicationTests" tests="1" skipped="0" failures="0" errors="0" timestamp="2019-04-15T11:43:33" hostname="Pivotal-iMac-3.local" time="0.002">
  <properties/>
  <testcase name="contextLoads" classname="io.pivotal.extremerstartup.ExtremerstartupApplicationTests" time="0.002"/>
  <system-out><![CDATA[2019-04-15 13:43:32.670  INFO 4200 --- [    Test worker] .b.t.c.SpringBootTestContextBootstrapper : Neither @ContextConfiguration nor @ContextHierarchy found for test class [io.pivotal.extremerstartup.ExtremerstartupApplicationTests], using SpringBootContextLoader
2019-04-15 13:43:32.671  INFO 4200 --- [    Test worker] o.s.t.c.support.AbstractContextLoader    : Could not detect default resource locations for test class [io.pivotal.extremerstartup.ExtremerstartupApplicationTests]: no resource found for suffixes {-context.xml, Context.groovy}.
2019-04-15 13:43:32.671  INFO 4200 --- [    Test worker] t.c.s.AnnotationConfigContextLoaderUtils : Could not detect default configuration classes for test class [io.pivotal.extremerstartup.ExtremerstartupApplicationTests]: ExtremerstartupApplicationTests does not declare any static, non-private, non-final, nested classes annotated with @Configuration.
2019-04-15 13:43:32.672  INFO 4200 --- [    Test worker] .b.t.c.SpringBootTestContextBootstrapper : Found @SpringBootConfiguration io.pivotal.extremerstartup.ExtremerstartupApplication for test class io.pivotal.extremerstartup.ExtremerstartupApplicationTests
2019-04-15 13:43:32.673  INFO 4200 --- [    Test worker] .b.t.c.SpringBootTestContextBootstrapper : Loaded default TestExecutionListener class names from location [META-INF/spring.factories]: [org.springframework.boot.test.autoconfigure.restdocs.RestDocsTestExecutionListener, org.springframework.boot.test.autoconfigure.web.client.MockRestServiceServerResetTestExecutionListener, org.springframework.boot.test.autoconfigure.web.servlet.MockMvcPrintOnlyOnFailureTestExecutionListener, org.springframework.boot.test.autoconfigure.web.servlet.WebDriverTestExecutionListener, org.springframework.boot.test.mock.mockito.MockitoTestExecutionListener, org.springframework.boot.test.mock.mockito.ResetMocksTestExecutionListener, org.springframework.test.context.web.ServletTestExecutionListener, org.springframework.test.context.support.DirtiesContextBeforeModesTestExecutionListener, org.springframework.test.context.support.DependencyInjectionTestExecutionListener, org.springframework.test.context.support.DirtiesContextTestExecutionListener, org.springframework.test.context.transaction.TransactionalTestExecutionListener, org.springframework.test.context.jdbc.SqlScriptsTestExecutionListener]
2019-04-15 13:43:32.673  INFO 4200 --- [    Test worker] .b.t.c.SpringBootTestContextBootstrapper : Using TestExecutionListeners: [org.springframework.test.context.web.ServletTestExecutionListener@79fd6191, org.springframework.test.context.support.DirtiesContextBeforeModesTestExecutionListener@5d9a8ca1, org.springframework.boot.test.mock.mockito.MockitoTestExecutionListener@2deeac4c, org.springframework.boot.test.autoconfigure.SpringBootDependencyInjectionTestExecutionListener@43293bd8, org.springframework.test.context.support.DirtiesContextTestExecutionListener@514a2bc5, org.springframework.boot.test.autoconfigure.restdocs.RestDocsTestExecutionListener@58bc4ac9, org.springframework.boot.test.autoconfigure.web.client.MockRestServiceServerResetTestExecutionListener@68115e, org.springframework.boot.test.autoconfigure.web.servlet.MockMvcPrintOnlyOnFailureTestExecutionListener@a950d70, org.springframework.boot.test.autoconfigure.web.servlet.WebDriverTestExecutionListener@a010be4, org.springframework.boot.test.mock.mockito.ResetMocksTestExecutionListener@30d1e26f]

  .   ____          _            __ _ _
 /\\ / ___'_ __ _ _(_)_ __  __ _ \ \ \ \
( ( )\___ | '_ | '_| | '_ \/ _` | \ \ \ \
 \\/  ___)| |_)| | | | | || (_| |  ) ) ) )
  '  |____| .__|_| |_|_| |_\__, | / / / /
 =========|_|==============|___/=/_/_/_/
 :: Spring Boot ::        (v2.1.4.RELEASE)

2019-04-15 13:43:32.872  INFO 4200 --- [    Test worker] i.p.e.ExtremerstartupApplicationTests    : Starting ExtremerstartupApplicationTests on Pivotal-iMac-3.local with PID 4200 (started by pivotal in /Users/pivotal/workspace/extremerStartup)
2019-04-15 13:43:32.872  INFO 4200 --- [    Test worker] i.p.e.ExtremerstartupApplicationTests    : No active profile set, falling back to default profiles: default
2019-04-15 13:43:33.313  INFO 4200 --- [    Test worker] o.s.s.concurrent.ThreadPoolTaskExecutor  : Initializing ExecutorService 'applicationTaskExecutor'
2019-04-15 13:43:33.510  INFO 4200 --- [    Test worker] o.s.s.c.ThreadPoolTaskScheduler          : Initializing ExecutorService 'taskScheduler'
2019-04-15 13:43:33.534  INFO 4200 --- [    Test worker] i.p.e.ExtremerstartupApplicationTests    : Started ExtremerstartupApplicationTests in 0.859 seconds (JVM running for 56.771)
]]></system-out>
  <system-err><![CDATA[]]></system-err>
</testsuite>
