<?xml version="1.0" encoding="UTF-8"?>
<testsuite name="io.pivotal.extremerstartup.player.PlayerRespositoryTest" tests="7" skipped="0" failures="0" errors="0" timestamp="2019-04-15T11:43:34" hostname="Pivotal-iMac-3.local" time="0.602">
  <properties/>
  <testcase name="A player saved with the save function, is returned with the listAll" classname="io.pivotal.extremerstartup.player.PlayerRespositoryTest" time="0.0"/>
  <testcase name="Adding a log adds the log in the repo" classname="io.pivotal.extremerstartup.player.PlayerRespositoryTest" time="0.0"/>
  <testcase name="A player saved with the save function, is returned when found by ID" classname="io.pivotal.extremerstartup.player.PlayerRespositoryTest" time="0.0"/>
  <testcase name="Updating a player updates in the repo" classname="io.pivotal.extremerstartup.player.PlayerRespositoryTest" time="0.601"/>
  <testcase name="Deleting all removes all players" classname="io.pivotal.extremerstartup.player.PlayerRespositoryTest" time="0.0"/>
  <testcase name="Saving an updated player (with the same ID) does not create a duplicate player" classname="io.pivotal.extremerstartup.player.PlayerRespositoryTest" time="0.0"/>
  <testcase name="Deleting by id removes that players" classname="io.pivotal.extremerstartup.player.PlayerRespositoryTest" time="0.0"/>
  <system-out><![CDATA[]]></system-out>
  <system-err><![CDATA[]]></system-err>
</testsuite>
